<?xml version="1.0" encoding="utf-8"?><testsuites name="pytest tests"><testsuite name="pytest" errors="30" failures="3" skipped="3" tests="39" time="2.423" timestamp="2026-09-21T09:50:19.529581+00:00" hostname="agent-env-8d4a3239-784d-41f0-889c-b7fdbea97377"><testcase classname="tests.test_phase1_final_qa.TestAuthJWTCookies" name="test_login_no_token_in_body" time="0.142"><failure message="assert 429 == 200&#10; +  where 429 = &lt;Response [429]&gt;.status_code">self = &lt;test_phase1_final_qa.TestAuthJWTCookies object at 0xf90f62467f90&gt;

    def test_login_no_token_in_body(self):
        s = requests.Session()
        r = s.post(f"{BASE_URL}/api/auth/login", json={"email": SUPER_ADMIN_EMAIL, "password": SUPER_ADMIN_PASSWORD})
&gt;       assert r.status_code == 200
E       assert 429 == 200
E        +  where 429 = &lt;Response [429]&gt;.status_code

tests/test_phase1_final_qa.py:67: AssertionError</failure></testcase><testcase classname="tests.test_phase1_final_qa.TestAuthJWTCookies" name="test_login_sets_httponly_cookies" time="0.124"><failure message="assert 429 == 200&#10; +  where 429 = &lt;Response [429]&gt;.status_code">self = &lt;test_phase1_final_qa.TestAuthJWTCookies object at 0xf90f612eeed0&gt;

    def test_login_sets_httponly_cookies(self):
        s = requests.Session()
        r = s.post(f"{BASE_URL}/api/auth/login", json={"email": SUPER_ADMIN_EMAIL, "password": SUPER_ADMIN_PASSWORD})
&gt;       assert r.status_code == 200
E       assert 429 == 200
E        +  where 429 = &lt;Response [429]&gt;.status_code

tests/test_phase1_final_qa.py:77: AssertionError</failure></testcase><testcase classname="tests.test_phase1_final_qa.TestSuperAdminAuth" name="test_tenant_a_user_cannot_access_super_admin_tenants" time="0.204"><error message="failed on setup with &quot;AssertionError: Tenant A login failed: {&quot;error&quot;:&quot;Rate limit exceeded: 10 per 1 minute&quot;}&#10;assert 429 == 200&#10; +  where 429 = &lt;Response [429]&gt;.status_code&quot;">@pytest.fixture(scope="module")
    def tenant_a_session():
        s, r = login(TENANT_A_USER, TENANT_A_PASS)
&gt;       assert r.status_code == 200, f"Tenant A login failed: {r.text}"
E       AssertionError: Tenant A login failed: {"error":"Rate limit exceeded: 10 per 1 minute"}
E       assert 429 == 200
E        +  where 429 = &lt;Response [429]&gt;.status_code

tests/test_phase1_final_qa.py:48: AssertionError</error></testcase><testcase classname="tests.test_phase1_final_qa.TestSuperAdminAuth" name="test_tenant_b_user_cannot_access_super_admin_health" time="0.116"><error message="failed on setup with &quot;AssertionError: Tenant B login failed: {&quot;error&quot;:&quot;Rate limit exceeded: 10 per 1 minute&quot;}&#10;assert 429 == 200&#10; +  where 429 = &lt;Response [429]&gt;.status_code&quot;">@pytest.fixture(scope="module")
    def tenant_b_session():
        s, r = login(TENANT_B_USER, TENANT_B_PASS)
&gt;       assert r.status_code == 200, f"Tenant B login failed: {r.text}"
E       AssertionError: Tenant B login failed: {"error":"Rate limit exceeded: 10 per 1 minute"}
E       assert 429 == 200
E        +  where 429 = &lt;Response [429]&gt;.status_code

tests/test_phase1_final_qa.py:55: AssertionError</error></testcase><testcase classname="tests.test_phase1_final_qa.TestAuthJWTCookies" name="test_me_returns_user_data" time="0.114"><error message="failed on setup with &quot;AssertionError: Super admin login failed: {&quot;error&quot;:&quot;Rate limit exceeded: 10 per 1 minute&quot;}&#10;assert 429 == 200&#10; +  where 429 = &lt;Response [429]&gt;.status_code&quot;">@pytest.fixture(scope="module")
    def super_admin_session():
        s, r = login(SUPER_ADMIN_EMAIL, SUPER_ADMIN_PASSWORD)
&gt;       assert r.status_code == 200, f"Super admin login failed: {r.text}"
E       AssertionError: Super admin login failed: {"error":"Rate limit exceeded: 10 per 1 minute"}
E       assert 429 == 200
E        +  where 429 = &lt;Response [429]&gt;.status_code

tests/test_phase1_final_qa.py:40: AssertionError</error></testcase><testcase classname="tests.test_phase1_final_qa.TestAuthJWTCookies" name="test_me_unauthenticated_returns_401" time="0.167" /><testcase classname="tests.test_phase1_final_qa.TestAuthJWTCookies" name="test_logout_clears_session" time="0.112"><failure message="assert 429 == 200&#10; +  where 429 = &lt;Response [429]&gt;.status_code">self = &lt;test_phase1_final_qa.TestAuthJWTCookies object at 0xf90f613040d0&gt;

    def test_logout_clears_session(self):
        s, r = login(SUPER_ADMIN_EMAIL, SUPER_ADMIN_PASSWORD)
&gt;       assert r.status_code == 200
E       assert 429 == 200
E        +  where 429 = &lt;Response [429]&gt;.status_code

tests/test_phase1_final_qa.py:102: AssertionError</failure></testcase><testcase classname="tests.test_phase1_final_qa.TestSuperAdminAuth" name="test_super_admin_can_list_tenants" time="0.332"><error message="failed on setup with &quot;AssertionError: Super admin login failed: {&quot;error&quot;:&quot;Rate limit exceeded: 10 per 1 minute&quot;}&#10;assert 429 == 200&#10; +  where 429 = &lt;Response [429]&gt;.status_code&quot;">@pytest.fixture(scope="module")
    def super_admin_session():
        s, r = login(SUPER_ADMIN_EMAIL, SUPER_ADMIN_PASSWORD)
&gt;       assert r.status_code == 200, f"Super admin login failed: {r.text}"
E       AssertionError: Super admin login failed: {"error":"Rate limit exceeded: 10 per 1 minute"}
E       assert 429 == 200
E        +  where 429 = &lt;Response [429]&gt;.status_code

tests/test_phase1_final_qa.py:40: AssertionError</error></testcase><testcase classname="tests.test_phase1_final_qa.TestSuperAdminAuth" name="test_super_admin_create_tenant" time="0.000"><error message="failed on setup with &quot;AssertionError: Super admin login failed: {&quot;error&quot;:&quot;Rate limit exceeded: 10 per 1 minute&quot;}&#10;assert 429 == 200&#10; +  where 429 = &lt;Response [429]&gt;.status_code&quot;">@pytest.fixture(scope="module")
    def super_admin_session():
        s, r = login(SUPER_ADMIN_EMAIL, SUPER_ADMIN_PASSWORD)
&gt;       assert r.status_code == 200, f"Super admin login failed: {r.text}"
E       AssertionError: Super admin login failed: {"error":"Rate limit exceeded: 10 per 1 minute"}
E       assert 429 == 200
E        +  where 429 = &lt;Response [429]&gt;.status_code

tests/test_phase1_final_qa.py:40: AssertionError</error></testcase><testcase classname="tests.test_phase1_final_qa.TestSuperAdminAuth" name="test_super_admin_tenant_stats" time="0.000"><error message="failed on setup with &quot;AssertionError: Super admin login failed: {&quot;error&quot;:&quot;Rate limit exceeded: 10 per 1 minute&quot;}&#10;assert 429 == 200&#10; +  where 429 = &lt;Response [429]&gt;.status_code&quot;">@pytest.fixture(scope="module")
    def super_admin_session():
        s, r = login(SUPER_ADMIN_EMAIL, SUPER_ADMIN_PASSWORD)
&gt;       assert r.status_code == 200, f"Super admin login failed: {r.text}"
E       AssertionError: Super admin login failed: {"error":"Rate limit exceeded: 10 per 1 minute"}
E       assert 429 == 200
E        +  where 429 = &lt;Response [429]&gt;.status_code

tests/test_phase1_final_qa.py:40: AssertionError</error></testcase><testcase classname="tests.test_phase1_final_qa.TestSuperAdminAuth" name="test_super_admin_suspend_tenant" time="0.000"><error message="failed on setup with &quot;AssertionError: Super admin login failed: {&quot;error&quot;:&quot;Rate limit exceeded: 10 per 1 minute&quot;}&#10;assert 429 == 200&#10; +  where 429 = &lt;Response [429]&gt;.status_code&quot;">@pytest.fixture(scope="module")
    def super_admin_session():
        s, r = login(SUPER_ADMIN_EMAIL, SUPER_ADMIN_PASSWORD)
&gt;       assert r.status_code == 200, f"Super admin login failed: {r.text}"
E       AssertionError: Super admin login failed: {"error":"Rate limit exceeded: 10 per 1 minute"}
E       assert 429 == 200
E        +  where 429 = &lt;Response [429]&gt;.status_code

tests/test_phase1_final_qa.py:40: AssertionError</error></testcase><testcase classname="tests.test_phase1_final_qa.TestPermissionEnforcement" name="test_limited_user_cannot_list_users" time="0.000"><error message="failed on setup with &quot;AssertionError: Tenant A login failed: {&quot;error&quot;:&quot;Rate limit exceeded: 10 per 1 minute&quot;}&#10;assert 429 == 200&#10; +  where 429 = &lt;Response [429]&gt;.status_code&quot;">@pytest.fixture(scope="module")
    def tenant_a_session():
        s, r = login(TENANT_A_USER, TENANT_A_PASS)
&gt;       assert r.status_code == 200, f"Tenant A login failed: {r.text}"
E       AssertionError: Tenant A login failed: {"error":"Rate limit exceeded: 10 per 1 minute"}
E       assert 429 == 200
E        +  where 429 = &lt;Response [429]&gt;.status_code

tests/test_phase1_final_qa.py:48: AssertionError</error></testcase><testcase classname="tests.test_phase1_final_qa.TestPermissionEnforcement" name="test_limited_user_cannot_view_audit" time="0.000"><error message="failed on setup with &quot;AssertionError: Tenant A login failed: {&quot;error&quot;:&quot;Rate limit exceeded: 10 per 1 minute&quot;}&#10;assert 429 == 200&#10; +  where 429 = &lt;Response [429]&gt;.status_code&quot;">@pytest.fixture(scope="module")
    def tenant_a_session():
        s, r = login(TENANT_A_USER, TENANT_A_PASS)
&gt;       assert r.status_code == 200, f"Tenant A login failed: {r.text}"
E       AssertionError: Tenant A login failed: {"error":"Rate limit exceeded: 10 per 1 minute"}
E       assert 429 == 200
E        +  where 429 = &lt;Response [429]&gt;.status_code

tests/test_phase1_final_qa.py:48: AssertionError</error></testcase><testcase classname="tests.test_phase1_final_qa.TestPermissionEnforcement" name="test_limited_user_cannot_manage_role_permissions" time="0.000"><error message="failed on setup with &quot;AssertionError: Tenant A login failed: {&quot;error&quot;:&quot;Rate limit exceeded: 10 per 1 minute&quot;}&#10;assert 429 == 200&#10; +  where 429 = &lt;Response [429]&gt;.status_code&quot;">@pytest.fixture(scope="module")
    def tenant_a_session():
        s, r = login(TENANT_A_USER, TENANT_A_PASS)
&gt;       assert r.status_code == 200, f"Tenant A login failed: {r.text}"
E       AssertionError: Tenant A login failed: {"error":"Rate limit exceeded: 10 per 1 minute"}
E       assert 429 == 200
E        +  where 429 = &lt;Response [429]&gt;.status_code

tests/test_phase1_final_qa.py:48: AssertionError</error></testcase><testcase classname="tests.test_phase1_final_qa.TestPermissionEnforcement" name="test_limited_user_can_list_documents" time="0.000"><error message="failed on setup with &quot;AssertionError: Tenant A login failed: {&quot;error&quot;:&quot;Rate limit exceeded: 10 per 1 minute&quot;}&#10;assert 429 == 200&#10; +  where 429 = &lt;Response [429]&gt;.status_code&quot;">@pytest.fixture(scope="module")
    def tenant_a_session():
        s, r = login(TENANT_A_USER, TENANT_A_PASS)
&gt;       assert r.status_code == 200, f"Tenant A login failed: {r.text}"
E       AssertionError: Tenant A login failed: {"error":"Rate limit exceeded: 10 per 1 minute"}
E       assert 429 == 200
E        +  where 429 = &lt;Response [429]&gt;.status_code

tests/test_phase1_final_qa.py:48: AssertionError</error></testcase><testcase classname="tests.test_phase1_final_qa.TestPermissionEnforcement" name="test_limited_user_roles_endpoint_behavior" time="0.000"><error message="failed on setup with &quot;AssertionError: Tenant A login failed: {&quot;error&quot;:&quot;Rate limit exceeded: 10 per 1 minute&quot;}&#10;assert 429 == 200&#10; +  where 429 = &lt;Response [429]&gt;.status_code&quot;">@pytest.fixture(scope="module")
    def tenant_a_session():
        s, r = login(TENANT_A_USER, TENANT_A_PASS)
&gt;       assert r.status_code == 200, f"Tenant A login failed: {r.text}"
E       AssertionError: Tenant A login failed: {"error":"Rate limit exceeded: 10 per 1 minute"}
E       assert 429 == 200
E        +  where 429 = &lt;Response [429]&gt;.status_code

tests/test_phase1_final_qa.py:48: AssertionError</error></testcase><testcase classname="tests.test_phase1_final_qa.TestDocumentSecurity" name="test_upload_and_download_tenant_isolation" time="0.000"><error message="failed on setup with &quot;AssertionError: Super admin login failed: {&quot;error&quot;:&quot;Rate limit exceeded: 10 per 1 minute&quot;}&#10;assert 429 == 200&#10; +  where 429 = &lt;Response [429]&gt;.status_code&quot;">@pytest.fixture(scope="module")
    def super_admin_session():
        s, r = login(SUPER_ADMIN_EMAIL, SUPER_ADMIN_PASSWORD)
&gt;       assert r.status_code == 200, f"Super admin login failed: {r.text}"
E       AssertionError: Super admin login failed: {"error":"Rate limit exceeded: 10 per 1 minute"}
E       assert 429 == 200
E        +  where 429 = &lt;Response [429]&gt;.status_code

tests/test_phase1_final_qa.py:40: AssertionError</error></testcase><testcase classname="tests.test_phase1_final_qa.TestDocumentSecurity" name="test_upload_executable_rejected" time="0.000"><error message="failed on setup with &quot;AssertionError: Super admin login failed: {&quot;error&quot;:&quot;Rate limit exceeded: 10 per 1 minute&quot;}&#10;assert 429 == 200&#10; +  where 429 = &lt;Response [429]&gt;.status_code&quot;">@pytest.fixture(scope="module")
    def super_admin_session():
        s, r = login(SUPER_ADMIN_EMAIL, SUPER_ADMIN_PASSWORD)
&gt;       assert r.status_code == 200, f"Super admin login failed: {r.text}"
E       AssertionError: Super admin login failed: {"error":"Rate limit exceeded: 10 per 1 minute"}
E       assert 429 == 200
E        +  where 429 = &lt;Response [429]&gt;.status_code

tests/test_phase1_final_qa.py:40: AssertionError</error></testcase><testcase classname="tests.test_phase1_final_qa.TestDocumentSecurity" name="test_upload_large_file_rejected" time="0.000"><error message="failed on setup with &quot;AssertionError: Super admin login failed: {&quot;error&quot;:&quot;Rate limit exceeded: 10 per 1 minute&quot;}&#10;assert 429 == 200&#10; +  where 429 = &lt;Response [429]&gt;.status_code&quot;">@pytest.fixture(scope="module")
    def super_admin_session():
        s, r = login(SUPER_ADMIN_EMAIL, SUPER_ADMIN_PASSWORD)
&gt;       assert r.status_code == 200, f"Super admin login failed: {r.text}"
E       AssertionError: Super admin login failed: {"error":"Rate limit exceeded: 10 per 1 minute"}
E       assert 429 == 200
E        +  where 429 = &lt;Response [429]&gt;.status_code

tests/test_phase1_final_qa.py:40: AssertionError</error></testcase><testcase classname="tests.test_phase1_final_qa.TestDocumentSecurity" name="test_download_requires_authentication" time="0.000"><error message="failed on setup with &quot;AssertionError: Super admin login failed: {&quot;error&quot;:&quot;Rate limit exceeded: 10 per 1 minute&quot;}&#10;assert 429 == 200&#10; +  where 429 = &lt;Response [429]&gt;.status_code&quot;">@pytest.fixture(scope="module")
    def super_admin_session():
        s, r = login(SUPER_ADMIN_EMAIL, SUPER_ADMIN_PASSWORD)
&gt;       assert r.status_code == 200, f"Super admin login failed: {r.text}"
E       AssertionError: Super admin login failed: {"error":"Rate limit exceeded: 10 per 1 minute"}
E       assert 429 == 200
E        +  where 429 = &lt;Response [429]&gt;.status_code

tests/test_phase1_final_qa.py:40: AssertionError</error></testcase><testcase classname="tests.test_phase1_final_qa.TestDocumentSecurity" name="test_sha256_hash_stored" time="0.000"><error message="failed on setup with &quot;AssertionError: Super admin login failed: {&quot;error&quot;:&quot;Rate limit exceeded: 10 per 1 minute&quot;}&#10;assert 429 == 200&#10; +  where 429 = &lt;Response [429]&gt;.status_code&quot;">@pytest.fixture(scope="module")
    def super_admin_session():
        s, r = login(SUPER_ADMIN_EMAIL, SUPER_ADMIN_PASSWORD)
&gt;       assert r.status_code == 200, f"Super admin login failed: {r.text}"
E       AssertionError: Super admin login failed: {"error":"Rate limit exceeded: 10 per 1 minute"}
E       assert 429 == 200
E        +  where 429 = &lt;Response [429]&gt;.status_code

tests/test_phase1_final_qa.py:40: AssertionError</error></testcase><testcase classname="tests.test_phase1_final_qa.TestMFATOTP" name="test_mfa_setup_returns_secret_and_recovery_codes" time="0.000"><error message="failed on setup with &quot;AssertionError: Super admin login failed: {&quot;error&quot;:&quot;Rate limit exceeded: 10 per 1 minute&quot;}&#10;assert 429 == 200&#10; +  where 429 = &lt;Response [429]&gt;.status_code&quot;">@pytest.fixture(scope="module")
    def super_admin_session():
        s, r = login(SUPER_ADMIN_EMAIL, SUPER_ADMIN_PASSWORD)
&gt;       assert r.status_code == 200, f"Super admin login failed: {r.text}"
E       AssertionError: Super admin login failed: {"error":"Rate limit exceeded: 10 per 1 minute"}
E       assert 429 == 200
E        +  where 429 = &lt;Response [429]&gt;.status_code

tests/test_phase1_final_qa.py:40: AssertionError</error></testcase><testcase classname="tests.test_phase1_final_qa.TestMFATOTP" name="test_mfa_full_flow" time="0.337"><skipped type="pytest.skip" message="Rate limited: {&quot;error&quot;:&quot;Rate limit exceeded: 10 per 1 minute&quot;}">/app/backend/tests/test_phase1_final_qa.py:310: Rate limited: {"error":"Rate limit exceeded: 10 per 1 minute"}</skipped></testcase><testcase classname="tests.test_phase1_final_qa.TestTenantIsolation" name="test_tenant_a_user_cannot_access_tenant_b_users" time="0.140"><error message="failed on setup with &quot;AssertionError: Tenant A login failed: {&quot;error&quot;:&quot;Rate limit exceeded: 10 per 1 minute&quot;}&#10;assert 429 == 200&#10; +  where 429 = &lt;Response [429]&gt;.status_code&quot;">@pytest.fixture(scope="module")
    def tenant_a_session():
        s, r = login(TENANT_A_USER, TENANT_A_PASS)
&gt;       assert r.status_code == 200, f"Tenant A login failed: {r.text}"
E       AssertionError: Tenant A login failed: {"error":"Rate limit exceeded: 10 per 1 minute"}
E       assert 429 == 200
E        +  where 429 = &lt;Response [429]&gt;.status_code

tests/test_phase1_final_qa.py:48: AssertionError</error></testcase><testcase classname="tests.test_phase1_final_qa.TestMFATOTP" name="test_mfa_disable_wrong_code_returns_400" time="0.115"><skipped type="pytest.skip" message="Rate limited">/app/backend/tests/test_phase1_final_qa.py:410: Rate limited</skipped></testcase><testcase classname="tests.test_phase1_final_qa.TestTenantIsolation" name="test_tenant_b_user_cannot_access_tenant_a_users" time="0.376"><error message="failed on setup with &quot;AssertionError: Tenant B login failed: {&quot;error&quot;:&quot;Rate limit exceeded: 10 per 1 minute&quot;}&#10;assert 429 == 200&#10; +  where 429 = &lt;Response [429]&gt;.status_code&quot;">@pytest.fixture(scope="module")
    def tenant_b_session():
        s, r = login(TENANT_B_USER, TENANT_B_PASS)
&gt;       assert r.status_code == 200, f"Tenant B login failed: {r.text}"
E       AssertionError: Tenant B login failed: {"error":"Rate limit exceeded: 10 per 1 minute"}
E       assert 429 == 200
E        +  where 429 = &lt;Response [429]&gt;.status_code

tests/test_phase1_final_qa.py:55: AssertionError</error></testcase><testcase classname="tests.test_phase1_final_qa.TestTenantIsolation" name="test_tenant_b_user_cannot_access_tenant_a_roles" time="0.000"><error message="failed on setup with &quot;AssertionError: Tenant B login failed: {&quot;error&quot;:&quot;Rate limit exceeded: 10 per 1 minute&quot;}&#10;assert 429 == 200&#10; +  where 429 = &lt;Response [429]&gt;.status_code&quot;">@pytest.fixture(scope="module")
    def tenant_b_session():
        s, r = login(TENANT_B_USER, TENANT_B_PASS)
&gt;       assert r.status_code == 200, f"Tenant B login failed: {r.text}"
E       AssertionError: Tenant B login failed: {"error":"Rate limit exceeded: 10 per 1 minute"}
E       assert 429 == 200
E        +  where 429 = &lt;Response [429]&gt;.status_code

tests/test_phase1_final_qa.py:55: AssertionError</error></testcase><testcase classname="tests.test_phase1_final_qa.TestTenantIsolation" name="test_tenant_b_user_cannot_access_tenant_a_documents" time="0.000"><error message="failed on setup with &quot;AssertionError: Tenant B login failed: {&quot;error&quot;:&quot;Rate limit exceeded: 10 per 1 minute&quot;}&#10;assert 429 == 200&#10; +  where 429 = &lt;Response [429]&gt;.status_code&quot;">@pytest.fixture(scope="module")
    def tenant_b_session():
        s, r = login(TENANT_B_USER, TENANT_B_PASS)
&gt;       assert r.status_code == 200, f"Tenant B login failed: {r.text}"
E       AssertionError: Tenant B login failed: {"error":"Rate limit exceeded: 10 per 1 minute"}
E       assert 429 == 200
E        +  where 429 = &lt;Response [429]&gt;.status_code

tests/test_phase1_final_qa.py:55: AssertionError</error></testcase><testcase classname="tests.test_phase1_final_qa.TestTenantIsolation" name="test_tenant_b_user_cannot_access_tenant_a_audit" time="0.000"><error message="failed on setup with &quot;AssertionError: Tenant B login failed: {&quot;error&quot;:&quot;Rate limit exceeded: 10 per 1 minute&quot;}&#10;assert 429 == 200&#10; +  where 429 = &lt;Response [429]&gt;.status_code&quot;">@pytest.fixture(scope="module")
    def tenant_b_session():
        s, r = login(TENANT_B_USER, TENANT_B_PASS)
&gt;       assert r.status_code == 200, f"Tenant B login failed: {r.text}"
E       AssertionError: Tenant B login failed: {"error":"Rate limit exceeded: 10 per 1 minute"}
E       assert 429 == 200
E        +  where 429 = &lt;Response [429]&gt;.status_code

tests/test_phase1_final_qa.py:55: AssertionError</error></testcase><testcase classname="tests.test_phase1_final_qa.TestAuthRefresh" name="test_refresh_returns_ok" time="0.000"><error message="failed on setup with &quot;AssertionError: Super admin login failed: {&quot;error&quot;:&quot;Rate limit exceeded: 10 per 1 minute&quot;}&#10;assert 429 == 200&#10; +  where 429 = &lt;Response [429]&gt;.status_code&quot;">@pytest.fixture(scope="module")
    def super_admin_session():
        s, r = login(SUPER_ADMIN_EMAIL, SUPER_ADMIN_PASSWORD)
&gt;       assert r.status_code == 200, f"Super admin login failed: {r.text}"
E       AssertionError: Super admin login failed: {"error":"Rate limit exceeded: 10 per 1 minute"}
E       assert 429 == 200
E        +  where 429 = &lt;Response [429]&gt;.status_code

tests/test_phase1_final_qa.py:40: AssertionError</error></testcase><testcase classname="tests.test_phase1_final_qa.TestAuthRefresh" name="test_refresh_token_reuse_detection" time="0.000"><error message="failed on setup with &quot;AssertionError: Tenant B login failed: {&quot;error&quot;:&quot;Rate limit exceeded: 10 per 1 minute&quot;}&#10;assert 429 == 200&#10; +  where 429 = &lt;Response [429]&gt;.status_code&quot;">@pytest.fixture(scope="module")
    def tenant_b_session():
        s, r = login(TENANT_B_USER, TENANT_B_PASS)
&gt;       assert r.status_code == 200, f"Tenant B login failed: {r.text}"
E       AssertionError: Tenant B login failed: {"error":"Rate limit exceeded: 10 per 1 minute"}
E       assert 429 == 200
E        +  where 429 = &lt;Response [429]&gt;.status_code

tests/test_phase1_final_qa.py:55: AssertionError</error></testcase><testcase classname="tests.test_phase1_final_qa.TestDatabaseHealth" name="test_health_endpoint" time="0.113" /><testcase classname="tests.test_phase1_final_qa.TestAuditLog" name="test_audit_log_has_required_fields" time="0.000"><error message="failed on setup with &quot;AssertionError: Super admin login failed: {&quot;error&quot;:&quot;Rate limit exceeded: 10 per 1 minute&quot;}&#10;assert 429 == 200&#10; +  where 429 = &lt;Response [429]&gt;.status_code&quot;">@pytest.fixture(scope="module")
    def super_admin_session():
        s, r = login(SUPER_ADMIN_EMAIL, SUPER_ADMIN_PASSWORD)
&gt;       assert r.status_code == 200, f"Super admin login failed: {r.text}"
E       AssertionError: Super admin login failed: {"error":"Rate limit exceeded: 10 per 1 minute"}
E       assert 429 == 200
E        +  where 429 = &lt;Response [429]&gt;.status_code

tests/test_phase1_final_qa.py:40: AssertionError</error></testcase><testcase classname="tests.test_phase1_final_qa.TestAuditLog" name="test_audit_tenant_isolation" time="0.000"><error message="failed on setup with &quot;AssertionError: Super admin login failed: {&quot;error&quot;:&quot;Rate limit exceeded: 10 per 1 minute&quot;}&#10;assert 429 == 200&#10; +  where 429 = &lt;Response [429]&gt;.status_code&quot;">@pytest.fixture(scope="module")
    def super_admin_session():
        s, r = login(SUPER_ADMIN_EMAIL, SUPER_ADMIN_PASSWORD)
&gt;       assert r.status_code == 200, f"Super admin login failed: {r.text}"
E       AssertionError: Super admin login failed: {"error":"Rate limit exceeded: 10 per 1 minute"}
E       assert 429 == 200
E        +  where 429 = &lt;Response [429]&gt;.status_code

tests/test_phase1_final_qa.py:40: AssertionError</error></testcase><testcase classname="tests.test_phase1_final_qa.TestAuditLog" name="test_audit_no_totp_secrets_in_entries" time="0.000"><error message="failed on setup with &quot;AssertionError: Super admin login failed: {&quot;error&quot;:&quot;Rate limit exceeded: 10 per 1 minute&quot;}&#10;assert 429 == 200&#10; +  where 429 = &lt;Response [429]&gt;.status_code&quot;">@pytest.fixture(scope="module")
    def super_admin_session():
        s, r = login(SUPER_ADMIN_EMAIL, SUPER_ADMIN_PASSWORD)
&gt;       assert r.status_code == 200, f"Super admin login failed: {r.text}"
E       AssertionError: Super admin login failed: {"error":"Rate limit exceeded: 10 per 1 minute"}
E       assert 429 == 200
E        +  where 429 = &lt;Response [429]&gt;.status_code

tests/test_phase1_final_qa.py:40: AssertionError</error></testcase><testcase classname="tests.test_phase1_final_qa.TestWhiteLabel" name="test_get_my_tenants" time="0.000"><error message="failed on setup with &quot;AssertionError: Super admin login failed: {&quot;error&quot;:&quot;Rate limit exceeded: 10 per 1 minute&quot;}&#10;assert 429 == 200&#10; +  where 429 = &lt;Response [429]&gt;.status_code&quot;">@pytest.fixture(scope="module")
    def super_admin_session():
        s, r = login(SUPER_ADMIN_EMAIL, SUPER_ADMIN_PASSWORD)
&gt;       assert r.status_code == 200, f"Super admin login failed: {r.text}"
E       AssertionError: Super admin login failed: {"error":"Rate limit exceeded: 10 per 1 minute"}
E       assert 429 == 200
E        +  where 429 = &lt;Response [429]&gt;.status_code

tests/test_phase1_final_qa.py:40: AssertionError</error></testcase><testcase classname="tests.test_phase1_final_qa.TestSessionSecurity" name="test_sessions_only_current_user" time="0.000"><error message="failed on setup with &quot;AssertionError: Super admin login failed: {&quot;error&quot;:&quot;Rate limit exceeded: 10 per 1 minute&quot;}&#10;assert 429 == 200&#10; +  where 429 = &lt;Response [429]&gt;.status_code&quot;">@pytest.fixture(scope="module")
    def super_admin_session():
        s, r = login(SUPER_ADMIN_EMAIL, SUPER_ADMIN_PASSWORD)
&gt;       assert r.status_code == 200, f"Super admin login failed: {r.text}"
E       AssertionError: Super admin login failed: {"error":"Rate limit exceeded: 10 per 1 minute"}
E       assert 429 == 200
E        +  where 429 = &lt;Response [429]&gt;.status_code

tests/test_phase1_final_qa.py:40: AssertionError</error></testcase><testcase classname="tests.test_phase1_final_qa.TestDatabaseHealth" name="test_no_mongodb_used" time="0.365" /><testcase classname="tests.test_phase1_final_qa.TestBruteForce" name="test_brute_force_lockout" time="0.117"><skipped type="pytest.skip" message="IP rate limited before brute force test could run: {&quot;error&quot;:&quot;Rate limit exceeded: 10 per 1 minute&quot;}">/app/backend/tests/test_phase1_final_qa.py:155: IP rate limited before brute force test could run: {"error":"Rate limit exceeded: 10 per 1 minute"}</skipped></testcase></testsuite></testsuites>