<?xml version="1.0" encoding="utf-8"?><testsuites name="pytest tests"><testsuite name="pytest" errors="0" failures="0" skipped="0" tests="17" time="2.048" timestamp="2026-09-21T09:19:49.345875+00:00" hostname="agent-env-8d4a3239-784d-41f0-889c-b7fdbea97377"><testcase classname="tests.test_api.TestAuth" name="test_login_success" time="0.351" /><testcase classname="tests.test_api.TestAuth" name="test_login_sets_cookies" time="0.247" /><testcase classname="tests.test_api.TestTenants" name="test_my_tenants" time="0.427" /><testcase classname="tests.test_api.TestTenants" name="test_tenant_has_ecrin_yemek" time="0.069" /><testcase classname="tests.test_api.TestAuditLog" name="test_list_audit" time="0.072" /><testcase classname="tests.test_api.TestAuditLog" name="test_audit_has_login_entries" time="0.068" /><testcase classname="tests.test_api.TestAuth" name="test_login_invalid_credentials" time="0.200" /><testcase classname="tests.test_api.TestSuperAdmin" name="test_super_admin_tenants" time="0.068" /><testcase classname="tests.test_api.TestSuperAdmin" name="test_system_health" time="0.086" /><testcase classname="tests.test_api.TestUsers" name="test_list_users" time="0.070" /><testcase classname="tests.test_api.TestRoles" name="test_list_roles" time="0.157" /><testcase classname="tests.test_api.TestDocuments" name="test_list_documents" time="0.073" /><testcase classname="tests.test_api.TestAuth" name="test_me_authenticated" time="0.303" /><testcase classname="tests.test_api.TestModules" name="test_list_modules" time="0.070" /><testcase classname="tests.test_api.TestAuth" name="test_me_unauthenticated" time="0.112" /><testcase classname="tests.test_api.TestAuth" name="test_refresh_token" time="0.071" /><testcase classname="tests.test_api.TestAuth" name="test_logout" time="0.255" /></testsuite></testsuites>