<?xml version="1.0" encoding="utf-8"?><testsuites name="pytest tests"><testsuite name="pytest" errors="12" failures="0" skipped="2" tests="56" time="9.430" timestamp="2026-09-21T09:49:56.586545+00:00" hostname="agent-env-8d4a3239-784d-41f0-889c-b7fdbea97377"><testcase classname="tests.test_api.TestAuth" name="test_login_success" time="0.438" /><testcase classname="tests.test_phase1_final_qa.TestSuperAdminAuth" name="test_tenant_a_user_cannot_access_super_admin_tenants" time="0.501" /><testcase classname="tests.test_api.TestAuth" name="test_login_sets_cookies" time="0.314" /><testcase classname="tests.test_api.TestAuth" name="test_login_invalid_credentials" time="0.304" /><testcase classname="tests.test_phase1_final_qa.TestSuperAdminAuth" name="test_tenant_b_user_cannot_access_super_admin_health" time="0.335" /><testcase classname="tests.test_phase1_final_qa.TestSuperAdminAuth" name="test_super_admin_can_list_tenants" time="0.327" /><testcase classname="tests.test_phase1_final_qa.TestSuperAdminAuth" name="test_super_admin_create_tenant" time="0.100" /><testcase classname="tests.test_phase1_final_qa.TestSuperAdminAuth" name="test_super_admin_tenant_stats" time="0.187" /><testcase classname="tests.test_api.TestAuth" name="test_me_authenticated" time="0.343" /><testcase classname="tests.test_api.TestAuth" name="test_me_unauthenticated" time="0.184" /><testcase classname="tests.test_phase1_final_qa.TestSuperAdminAuth" name="test_super_admin_suspend_tenant" time="0.164" /><testcase classname="tests.test_api.TestAuth" name="test_refresh_token" time="0.064" /><testcase classname="tests.test_phase1_final_qa.TestAuthJWTCookies" name="test_login_no_token_in_body" time="0.286" /><testcase classname="tests.test_api.TestAuth" name="test_logout" time="0.338" /><testcase classname="tests.test_phase1_final_qa.TestAuthJWTCookies" name="test_login_sets_httponly_cookies" time="0.200" /><testcase classname="tests.test_phase1_final_qa.TestAuthJWTCookies" name="test_me_returns_user_data" time="0.068" /><testcase classname="tests.test_phase1_final_qa.TestAuthJWTCookies" name="test_me_unauthenticated_returns_401" time="0.134" /><testcase classname="tests.test_phase1_final_qa.TestTenantIsolation" name="test_tenant_a_user_cannot_access_tenant_b_users" time="0.264" /><testcase classname="tests.test_phase1_final_qa.TestAuthJWTCookies" name="test_logout_clears_session" time="0.402" /><testcase classname="tests.test_phase1_final_qa.TestTenantIsolation" name="test_tenant_b_user_cannot_access_tenant_a_users" time="0.419" /><testcase classname="tests.test_phase1_final_qa.TestTenantIsolation" name="test_tenant_b_user_cannot_access_tenant_a_roles" time="0.108" /><testcase classname="tests.test_phase1_final_qa.TestPermissionEnforcement" name="test_limited_user_cannot_list_users" time="0.064" /><testcase classname="tests.test_phase1_final_qa.TestTenantIsolation" name="test_tenant_b_user_cannot_access_tenant_a_documents" time="0.069" /><testcase classname="tests.test_phase1_final_qa.TestPermissionEnforcement" name="test_limited_user_cannot_view_audit" time="0.105" /><testcase classname="tests.test_phase1_final_qa.TestTenantIsolation" name="test_tenant_b_user_cannot_access_tenant_a_audit" time="0.109" /><testcase classname="tests.test_phase1_final_qa.TestPermissionEnforcement" name="test_limited_user_cannot_manage_role_permissions" time="0.068" /><testcase classname="tests.test_phase1_final_qa.TestPermissionEnforcement" name="test_limited_user_can_list_documents" time="0.071" /><testcase classname="tests.test_phase1_final_qa.TestPermissionEnforcement" name="test_limited_user_roles_endpoint_behavior" time="0.114" /><testcase classname="tests.test_phase1_final_qa.TestDocumentSecurity" name="test_upload_and_download_tenant_isolation" time="0.366" /><testcase classname="tests.test_phase1_final_qa.TestMFATOTP" name="test_mfa_setup_returns_secret_and_recovery_codes" time="0.095" /><testcase classname="tests.test_phase1_final_qa.TestMFATOTP" name="test_mfa_full_flow" time="5.263" /><testcase classname="tests.test_phase1_final_qa.TestDocumentSecurity" name="test_upload_executable_rejected" time="0.126" /><testcase classname="tests.test_phase1_final_qa.TestDocumentSecurity" name="test_upload_large_file_rejected" time="1.711" /><testcase classname="tests.test_phase1_final_qa.TestDocumentSecurity" name="test_download_requires_authentication" time="0.205" /><testcase classname="tests.test_phase1_final_qa.TestDocumentSecurity" name="test_sha256_hash_stored" time="0.091" /><testcase classname="tests.test_phase1_final_qa.TestAuthRefresh" name="test_refresh_returns_ok" time="0.064" /><testcase classname="tests.test_phase1_final_qa.TestAuthRefresh" name="test_refresh_token_reuse_detection" time="0.241" /><testcase classname="tests.test_phase1_final_qa.TestDatabaseHealth" name="test_health_endpoint" time="0.139" /><testcase classname="tests.test_phase1_final_qa.TestDatabaseHealth" name="test_no_mongodb_used" time="0.133" /><testcase classname="tests.test_api.TestTenants" name="test_my_tenants" time="0.164"><error message="failed on setup with &quot;AssertionError: MFA should not be required&#10;assert not True&#10; +  where True = &lt;built-in method get of dict object at 0xfbbc568bccc0&gt;('requires_mfa')&#10; +    where &lt;built-in method get of dict object at 0xfbbc568bccc0&gt; = {'requires_mfa': True, 'temp_token': 'eyJhbGciOiJIUzI1NiIsInR5cCI6IkpXVCJ9.eyJzdWIiOiIxIiwidHlwZSI6Im1mYV9wZW5kaW5nIiwiaWF0IjoxNzg5OTg0MjAzLCJleHAiOjE3ODk5ODQ1MDN9.OB23zsuWM7NmonJeDG7njhrbTMeViry9rwLcUqvLezk', 'user': None, 'message': 'ok'}.get&quot;">@pytest.fixture(scope="module")
    def session_with_cookies():
        """Login and return session with cookies"""
        s = requests.Session()
        resp = s.post(f"{BASE_URL}/api/auth/login", json={"email": EMAIL, "password": PASSWORD})
        assert resp.status_code == 200, f"Login failed: {resp.text}"
        data = resp.json()
&gt;       assert not data.get("requires_mfa"), "MFA should not be required"
E       AssertionError: MFA should not be required
E       assert not True
E        +  where True = &lt;built-in method get of dict object at 0xfbbc568bccc0&gt;('requires_mfa')
E        +    where &lt;built-in method get of dict object at 0xfbbc568bccc0&gt; = {'requires_mfa': True, 'temp_token': 'eyJhbGciOiJIUzI1NiIsInR5cCI6IkpXVCJ9.eyJzdWIiOiIxIiwidHlwZSI6Im1mYV9wZW5kaW5nIiwiaWF0IjoxNzg5OTg0MjAzLCJleHAiOjE3ODk5ODQ1MDN9.OB23zsuWM7NmonJeDG7njhrbTMeViry9rwLcUqvLezk', 'user': None, 'message': 'ok'}.get

tests/test_api.py:19: AssertionError</error></testcase><testcase classname="tests.test_api.TestTenants" name="test_tenant_has_ecrin_yemek" time="0.000"><error message="failed on setup with &quot;AssertionError: MFA should not be required&#10;assert not True&#10; +  where True = &lt;built-in method get of dict object at 0xfbbc568bccc0&gt;('requires_mfa')&#10; +    where &lt;built-in method get of dict object at 0xfbbc568bccc0&gt; = {'requires_mfa': True, 'temp_token': 'eyJhbGciOiJIUzI1NiIsInR5cCI6IkpXVCJ9.eyJzdWIiOiIxIiwidHlwZSI6Im1mYV9wZW5kaW5nIiwiaWF0IjoxNzg5OTg0MjAzLCJleHAiOjE3ODk5ODQ1MDN9.OB23zsuWM7NmonJeDG7njhrbTMeViry9rwLcUqvLezk', 'user': None, 'message': 'ok'}.get&quot;">@pytest.fixture(scope="module")
    def session_with_cookies():
        """Login and return session with cookies"""
        s = requests.Session()
        resp = s.post(f"{BASE_URL}/api/auth/login", json={"email": EMAIL, "password": PASSWORD})
        assert resp.status_code == 200, f"Login failed: {resp.text}"
        data = resp.json()
&gt;       assert not data.get("requires_mfa"), "MFA should not be required"
E       AssertionError: MFA should not be required
E       assert not True
E        +  where True = &lt;built-in method get of dict object at 0xfbbc568bccc0&gt;('requires_mfa')
E        +    where &lt;built-in method get of dict object at 0xfbbc568bccc0&gt; = {'requires_mfa': True, 'temp_token': 'eyJhbGciOiJIUzI1NiIsInR5cCI6IkpXVCJ9.eyJzdWIiOiIxIiwidHlwZSI6Im1mYV9wZW5kaW5nIiwiaWF0IjoxNzg5OTg0MjAzLCJleHAiOjE3ODk5ODQ1MDN9.OB23zsuWM7NmonJeDG7njhrbTMeViry9rwLcUqvLezk', 'user': None, 'message': 'ok'}.get

tests/test_api.py:19: AssertionError</error></testcase><testcase classname="tests.test_api.TestAuditLog" name="test_list_audit" time="0.000"><error message="failed on setup with &quot;AssertionError: MFA should not be required&#10;assert not True&#10; +  where True = &lt;built-in method get of dict object at 0xfbbc568bccc0&gt;('requires_mfa')&#10; +    where &lt;built-in method get of dict object at 0xfbbc568bccc0&gt; = {'requires_mfa': True, 'temp_token': 'eyJhbGciOiJIUzI1NiIsInR5cCI6IkpXVCJ9.eyJzdWIiOiIxIiwidHlwZSI6Im1mYV9wZW5kaW5nIiwiaWF0IjoxNzg5OTg0MjAzLCJleHAiOjE3ODk5ODQ1MDN9.OB23zsuWM7NmonJeDG7njhrbTMeViry9rwLcUqvLezk', 'user': None, 'message': 'ok'}.get&quot;">@pytest.fixture(scope="module")
    def session_with_cookies():
        """Login and return session with cookies"""
        s = requests.Session()
        resp = s.post(f"{BASE_URL}/api/auth/login", json={"email": EMAIL, "password": PASSWORD})
        assert resp.status_code == 200, f"Login failed: {resp.text}"
        data = resp.json()
&gt;       assert not data.get("requires_mfa"), "MFA should not be required"
E       AssertionError: MFA should not be required
E       assert not True
E        +  where True = &lt;built-in method get of dict object at 0xfbbc568bccc0&gt;('requires_mfa')
E        +    where &lt;built-in method get of dict object at 0xfbbc568bccc0&gt; = {'requires_mfa': True, 'temp_token': 'eyJhbGciOiJIUzI1NiIsInR5cCI6IkpXVCJ9.eyJzdWIiOiIxIiwidHlwZSI6Im1mYV9wZW5kaW5nIiwiaWF0IjoxNzg5OTg0MjAzLCJleHAiOjE3ODk5ODQ1MDN9.OB23zsuWM7NmonJeDG7njhrbTMeViry9rwLcUqvLezk', 'user': None, 'message': 'ok'}.get

tests/test_api.py:19: AssertionError</error></testcase><testcase classname="tests.test_api.TestAuditLog" name="test_audit_has_login_entries" time="0.000"><error message="failed on setup with &quot;AssertionError: MFA should not be required&#10;assert not True&#10; +  where True = &lt;built-in method get of dict object at 0xfbbc568bccc0&gt;('requires_mfa')&#10; +    where &lt;built-in method get of dict object at 0xfbbc568bccc0&gt; = {'requires_mfa': True, 'temp_token': 'eyJhbGciOiJIUzI1NiIsInR5cCI6IkpXVCJ9.eyJzdWIiOiIxIiwidHlwZSI6Im1mYV9wZW5kaW5nIiwiaWF0IjoxNzg5OTg0MjAzLCJleHAiOjE3ODk5ODQ1MDN9.OB23zsuWM7NmonJeDG7njhrbTMeViry9rwLcUqvLezk', 'user': None, 'message': 'ok'}.get&quot;">@pytest.fixture(scope="module")
    def session_with_cookies():
        """Login and return session with cookies"""
        s = requests.Session()
        resp = s.post(f"{BASE_URL}/api/auth/login", json={"email": EMAIL, "password": PASSWORD})
        assert resp.status_code == 200, f"Login failed: {resp.text}"
        data = resp.json()
&gt;       assert not data.get("requires_mfa"), "MFA should not be required"
E       AssertionError: MFA should not be required
E       assert not True
E        +  where True = &lt;built-in method get of dict object at 0xfbbc568bccc0&gt;('requires_mfa')
E        +    where &lt;built-in method get of dict object at 0xfbbc568bccc0&gt; = {'requires_mfa': True, 'temp_token': 'eyJhbGciOiJIUzI1NiIsInR5cCI6IkpXVCJ9.eyJzdWIiOiIxIiwidHlwZSI6Im1mYV9wZW5kaW5nIiwiaWF0IjoxNzg5OTg0MjAzLCJleHAiOjE3ODk5ODQ1MDN9.OB23zsuWM7NmonJeDG7njhrbTMeViry9rwLcUqvLezk', 'user': None, 'message': 'ok'}.get

tests/test_api.py:19: AssertionError</error></testcase><testcase classname="tests.test_api.TestSuperAdmin" name="test_super_admin_tenants" time="0.000"><error message="failed on setup with &quot;AssertionError: MFA should not be required&#10;assert not True&#10; +  where True = &lt;built-in method get of dict object at 0xfbbc568bccc0&gt;('requires_mfa')&#10; +    where &lt;built-in method get of dict object at 0xfbbc568bccc0&gt; = {'requires_mfa': True, 'temp_token': 'eyJhbGciOiJIUzI1NiIsInR5cCI6IkpXVCJ9.eyJzdWIiOiIxIiwidHlwZSI6Im1mYV9wZW5kaW5nIiwiaWF0IjoxNzg5OTg0MjAzLCJleHAiOjE3ODk5ODQ1MDN9.OB23zsuWM7NmonJeDG7njhrbTMeViry9rwLcUqvLezk', 'user': None, 'message': 'ok'}.get&quot;">@pytest.fixture(scope="module")
    def session_with_cookies():
        """Login and return session with cookies"""
        s = requests.Session()
        resp = s.post(f"{BASE_URL}/api/auth/login", json={"email": EMAIL, "password": PASSWORD})
        assert resp.status_code == 200, f"Login failed: {resp.text}"
        data = resp.json()
&gt;       assert not data.get("requires_mfa"), "MFA should not be required"
E       AssertionError: MFA should not be required
E       assert not True
E        +  where True = &lt;built-in method get of dict object at 0xfbbc568bccc0&gt;('requires_mfa')
E        +    where &lt;built-in method get of dict object at 0xfbbc568bccc0&gt; = {'requires_mfa': True, 'temp_token': 'eyJhbGciOiJIUzI1NiIsInR5cCI6IkpXVCJ9.eyJzdWIiOiIxIiwidHlwZSI6Im1mYV9wZW5kaW5nIiwiaWF0IjoxNzg5OTg0MjAzLCJleHAiOjE3ODk5ODQ1MDN9.OB23zsuWM7NmonJeDG7njhrbTMeViry9rwLcUqvLezk', 'user': None, 'message': 'ok'}.get

tests/test_api.py:19: AssertionError</error></testcase><testcase classname="tests.test_api.TestSuperAdmin" name="test_system_health" time="0.000"><error message="failed on setup with &quot;AssertionError: MFA should not be required&#10;assert not True&#10; +  where True = &lt;built-in method get of dict object at 0xfbbc568bccc0&gt;('requires_mfa')&#10; +    where &lt;built-in method get of dict object at 0xfbbc568bccc0&gt; = {'requires_mfa': True, 'temp_token': 'eyJhbGciOiJIUzI1NiIsInR5cCI6IkpXVCJ9.eyJzdWIiOiIxIiwidHlwZSI6Im1mYV9wZW5kaW5nIiwiaWF0IjoxNzg5OTg0MjAzLCJleHAiOjE3ODk5ODQ1MDN9.OB23zsuWM7NmonJeDG7njhrbTMeViry9rwLcUqvLezk', 'user': None, 'message': 'ok'}.get&quot;">@pytest.fixture(scope="module")
    def session_with_cookies():
        """Login and return session with cookies"""
        s = requests.Session()
        resp = s.post(f"{BASE_URL}/api/auth/login", json={"email": EMAIL, "password": PASSWORD})
        assert resp.status_code == 200, f"Login failed: {resp.text}"
        data = resp.json()
&gt;       assert not data.get("requires_mfa"), "MFA should not be required"
E       AssertionError: MFA should not be required
E       assert not True
E        +  where True = &lt;built-in method get of dict object at 0xfbbc568bccc0&gt;('requires_mfa')
E        +    where &lt;built-in method get of dict object at 0xfbbc568bccc0&gt; = {'requires_mfa': True, 'temp_token': 'eyJhbGciOiJIUzI1NiIsInR5cCI6IkpXVCJ9.eyJzdWIiOiIxIiwidHlwZSI6Im1mYV9wZW5kaW5nIiwiaWF0IjoxNzg5OTg0MjAzLCJleHAiOjE3ODk5ODQ1MDN9.OB23zsuWM7NmonJeDG7njhrbTMeViry9rwLcUqvLezk', 'user': None, 'message': 'ok'}.get

tests/test_api.py:19: AssertionError</error></testcase><testcase classname="tests.test_phase1_final_qa.TestBruteForce" name="test_brute_force_lockout" time="0.364"><skipped type="pytest.skip" message="IP rate limited before brute force test could run: {&quot;error&quot;:&quot;Rate limit exceeded: 10 per 1 minute&quot;}">/app/backend/tests/test_phase1_final_qa.py:155: IP rate limited before brute force test could run: {"error":"Rate limit exceeded: 10 per 1 minute"}</skipped></testcase><testcase classname="tests.test_phase1_final_qa.TestWhiteLabel" name="test_get_my_tenants" time="0.331"><error message="failed on setup with &quot;AssertionError: Super admin login failed: {&quot;error&quot;:&quot;Rate limit exceeded: 10 per 1 minute&quot;}&#10;assert 429 == 200&#10; +  where 429 = &lt;Response [429]&gt;.status_code&quot;">@pytest.fixture(scope="module")
    def super_admin_session():
        s, r = login(SUPER_ADMIN_EMAIL, SUPER_ADMIN_PASSWORD)
&gt;       assert r.status_code == 200, f"Super admin login failed: {r.text}"
E       AssertionError: Super admin login failed: {"error":"Rate limit exceeded: 10 per 1 minute"}
E       assert 429 == 200
E        +  where 429 = &lt;Response [429]&gt;.status_code

tests/test_phase1_final_qa.py:40: AssertionError</error></testcase><testcase classname="tests.test_phase1_final_qa.TestSessionSecurity" name="test_sessions_only_current_user" time="0.000"><error message="failed on setup with &quot;AssertionError: Super admin login failed: {&quot;error&quot;:&quot;Rate limit exceeded: 10 per 1 minute&quot;}&#10;assert 429 == 200&#10; +  where 429 = &lt;Response [429]&gt;.status_code&quot;">@pytest.fixture(scope="module")
    def super_admin_session():
        s, r = login(SUPER_ADMIN_EMAIL, SUPER_ADMIN_PASSWORD)
&gt;       assert r.status_code == 200, f"Super admin login failed: {r.text}"
E       AssertionError: Super admin login failed: {"error":"Rate limit exceeded: 10 per 1 minute"}
E       assert 429 == 200
E        +  where 429 = &lt;Response [429]&gt;.status_code

tests/test_phase1_final_qa.py:40: AssertionError</error></testcase><testcase classname="tests.test_api.TestUsers" name="test_list_users" time="0.110"><error message="failed on setup with &quot;AssertionError: Login failed: {&quot;error&quot;:&quot;Rate limit exceeded: 10 per 1 minute&quot;}&#10;assert 429 == 200&#10; +  where 429 = &lt;Response [429]&gt;.status_code&quot;">@pytest.fixture(scope="module")
    def session_with_cookies():
        """Login and return session with cookies"""
        s = requests.Session()
        resp = s.post(f"{BASE_URL}/api/auth/login", json={"email": EMAIL, "password": PASSWORD})
&gt;       assert resp.status_code == 200, f"Login failed: {resp.text}"
E       AssertionError: Login failed: {"error":"Rate limit exceeded: 10 per 1 minute"}
E       assert 429 == 200
E        +  where 429 = &lt;Response [429]&gt;.status_code

tests/test_api.py:17: AssertionError</error></testcase><testcase classname="tests.test_api.TestRoles" name="test_list_roles" time="0.000"><error message="failed on setup with &quot;AssertionError: Login failed: {&quot;error&quot;:&quot;Rate limit exceeded: 10 per 1 minute&quot;}&#10;assert 429 == 200&#10; +  where 429 = &lt;Response [429]&gt;.status_code&quot;">@pytest.fixture(scope="module")
    def session_with_cookies():
        """Login and return session with cookies"""
        s = requests.Session()
        resp = s.post(f"{BASE_URL}/api/auth/login", json={"email": EMAIL, "password": PASSWORD})
&gt;       assert resp.status_code == 200, f"Login failed: {resp.text}"
E       AssertionError: Login failed: {"error":"Rate limit exceeded: 10 per 1 minute"}
E       assert 429 == 200
E        +  where 429 = &lt;Response [429]&gt;.status_code

tests/test_api.py:17: AssertionError</error></testcase><testcase classname="tests.test_api.TestDocuments" name="test_list_documents" time="0.000"><error message="failed on setup with &quot;AssertionError: Login failed: {&quot;error&quot;:&quot;Rate limit exceeded: 10 per 1 minute&quot;}&#10;assert 429 == 200&#10; +  where 429 = &lt;Response [429]&gt;.status_code&quot;">@pytest.fixture(scope="module")
    def session_with_cookies():
        """Login and return session with cookies"""
        s = requests.Session()
        resp = s.post(f"{BASE_URL}/api/auth/login", json={"email": EMAIL, "password": PASSWORD})
&gt;       assert resp.status_code == 200, f"Login failed: {resp.text}"
E       AssertionError: Login failed: {"error":"Rate limit exceeded: 10 per 1 minute"}
E       assert 429 == 200
E        +  where 429 = &lt;Response [429]&gt;.status_code

tests/test_api.py:17: AssertionError</error></testcase><testcase classname="tests.test_api.TestModules" name="test_list_modules" time="0.000"><error message="failed on setup with &quot;AssertionError: Login failed: {&quot;error&quot;:&quot;Rate limit exceeded: 10 per 1 minute&quot;}&#10;assert 429 == 200&#10; +  where 429 = &lt;Response [429]&gt;.status_code&quot;">@pytest.fixture(scope="module")
    def session_with_cookies():
        """Login and return session with cookies"""
        s = requests.Session()
        resp = s.post(f"{BASE_URL}/api/auth/login", json={"email": EMAIL, "password": PASSWORD})
&gt;       assert resp.status_code == 200, f"Login failed: {resp.text}"
E       AssertionError: Login failed: {"error":"Rate limit exceeded: 10 per 1 minute"}
E       assert 429 == 200
E        +  where 429 = &lt;Response [429]&gt;.status_code

tests/test_api.py:17: AssertionError</error></testcase><testcase classname="tests.test_phase1_final_qa.TestMFATOTP" name="test_mfa_disable_wrong_code_returns_400" time="0.146"><skipped type="pytest.skip" message="Rate limited">/app/backend/tests/test_phase1_final_qa.py:410: Rate limited</skipped></testcase><testcase classname="tests.test_phase1_final_qa.TestAuditLog" name="test_audit_log_has_required_fields" time="0.072" /><testcase classname="tests.test_phase1_final_qa.TestAuditLog" name="test_audit_tenant_isolation" time="0.064" /><testcase classname="tests.test_phase1_final_qa.TestAuditLog" name="test_audit_no_totp_secrets_in_entries" time="0.086" /></testsuite></testsuites>