<?xml version="1.0" encoding="utf-8"?><testsuites name="pytest tests"><testsuite name="pytest" errors="0" failures="0" skipped="0" tests="17" time="1.958" timestamp="2026-09-21T10:03:18.278190+00:00" hostname="agent-env-8d4a3239-784d-41f0-889c-b7fdbea97377"><testcase classname="tests.test_api.TestAuth" name="test_login_success" time="0.312" /><testcase classname="tests.test_api.TestTenants" name="test_my_tenants" time="0.376" /><testcase classname="tests.test_api.TestAuth" name="test_login_sets_cookies" time="0.207" /><testcase classname="tests.test_api.TestTenants" name="test_tenant_has_ecrin_yemek" time="0.136" /><testcase classname="tests.test_api.TestAuditLog" name="test_list_audit" time="0.072" /><testcase classname="tests.test_api.TestAuth" name="test_login_invalid_credentials" time="0.186" /><testcase classname="tests.test_api.TestAuditLog" name="test_audit_has_login_entries" time="0.120" /><testcase classname="tests.test_api.TestSuperAdmin" name="test_super_admin_tenants" time="0.067" /><testcase classname="tests.test_api.TestSuperAdmin" name="test_system_health" time="0.065" /><testcase classname="tests.test_api.TestUsers" name="test_list_users" time="0.073" /><testcase classname="tests.test_api.TestRoles" name="test_list_roles" time="0.074" /><testcase classname="tests.test_api.TestAuth" name="test_me_authenticated" time="0.277" /><testcase classname="tests.test_api.TestAuth" name="test_me_unauthenticated" time="0.116" /><testcase classname="tests.test_api.TestDocuments" name="test_list_documents" time="0.069" /><testcase classname="tests.test_api.TestModules" name="test_list_modules" time="0.067" /><testcase classname="tests.test_api.TestAuth" name="test_refresh_token" time="0.069" /><testcase classname="tests.test_api.TestAuth" name="test_logout" time="0.296" /></testsuite></testsuites>