<?xml version="1.0" encoding="utf-8"?><testsuites name="pytest tests"><testsuite name="pytest" errors="0" failures="0" skipped="0" tests="23" time="2.074" timestamp="2026-09-21T10:41:15.679744+00:00" hostname="agent-env-8d4a3239-784d-41f0-889c-b7fdbea97377"><testcase classname="tests.test_phase2.TestHealth" name="test_health" time="0.338" /><testcase classname="tests.test_phase2.TestPhase1Regression" name="test_auth_me" time="0.060" /><testcase classname="tests.test_phase2.TestPhase1Regression" name="test_users_list" time="0.071" /><testcase classname="tests.test_phase2.TestPhase1Regression" name="test_documents_list" time="0.064" /><testcase classname="tests.test_phase2.TestMealTypes" name="test_get_meal_types" time="0.062" /><testcase classname="tests.test_phase2.TestCustomers" name="test_list_customers" time="0.064" /><testcase classname="tests.test_phase2.TestCustomers" name="test_create_customer" time="0.071" /><testcase classname="tests.test_phase2.TestCustomers" name="test_get_customer_detail" time="0.061" /><testcase classname="tests.test_phase2.TestCustomers" name="test_create_location" time="0.068" /><testcase classname="tests.test_phase2.TestCustomers" name="test_list_locations" time="0.067" /><testcase classname="tests.test_phase2.TestCustomers" name="test_search_customer_locations" time="0.061" /><testcase classname="tests.test_phase2.TestCustomers" name="test_tenant_isolation" time="0.063" /><testcase classname="tests.test_phase2.TestPrices" name="test_create_price" time="0.069" /><testcase classname="tests.test_phase2.TestPrices" name="test_get_customer_prices" time="0.063" /><testcase classname="tests.test_phase2.TestMealEntries" name="test_create_meal_entry" time="0.105" /><testcase classname="tests.test_phase2.TestMealEntries" name="test_idempotency" time="0.089" /><testcase classname="tests.test_phase2.TestMealEntries" name="test_get_daily_summary" time="0.063" /><testcase classname="tests.test_phase2.TestLedger" name="test_get_customer_ledger" time="0.065" /><testcase classname="tests.test_phase2.TestReports" name="test_get_meal_report" time="0.062" /><testcase classname="tests.test_phase2.TestReports" name="test_meal_report_date_validation" time="0.058" /><testcase classname="tests.test_phase2.TestTenantIsolation" name="test_create_tenant_b_session" time="0.244" /><testcase classname="tests.test_phase2.TestTenantLogoUpload" name="test_logo_upload_endpoint_exists" time="0.058" /><testcase classname="tests.test_phase2.TestCleanup" name="test_deactivate_test_customer" time="0.061" /></testsuite></testsuites>