<?xml version="1.0" encoding="utf-8"?><testsuites name="pytest tests"><testsuite name="pytest" errors="0" failures="0" skipped="3" tests="39" time="4.686" timestamp="2026-09-21T10:03:24.681162+00:00" hostname="agent-env-8d4a3239-784d-41f0-889c-b7fdbea97377"><testcase classname="tests.test_phase1_final_qa.TestAuthJWTCookies" name="test_login_no_token_in_body" time="0.325" /><testcase classname="tests.test_phase1_final_qa.TestAuthJWTCookies" name="test_login_sets_httponly_cookies" time="0.302" /><testcase classname="tests.test_phase1_final_qa.TestSuperAdminAuth" name="test_tenant_a_user_cannot_access_super_admin_tenants" time="0.395" /><testcase classname="tests.test_phase1_final_qa.TestSuperAdminAuth" name="test_tenant_b_user_cannot_access_super_admin_health" time="0.306" /><testcase classname="tests.test_phase1_final_qa.TestSuperAdminAuth" name="test_super_admin_can_list_tenants" time="0.282" /><testcase classname="tests.test_phase1_final_qa.TestAuthJWTCookies" name="test_me_returns_user_data" time="0.357" /><testcase classname="tests.test_phase1_final_qa.TestSuperAdminAuth" name="test_super_admin_create_tenant" time="0.065" /><testcase classname="tests.test_phase1_final_qa.TestAuthJWTCookies" name="test_me_unauthenticated_returns_401" time="0.113" /><testcase classname="tests.test_phase1_final_qa.TestSuperAdminAuth" name="test_super_admin_tenant_stats" time="0.127" /><testcase classname="tests.test_phase1_final_qa.TestAuthJWTCookies" name="test_logout_clears_session" time="0.391" /><testcase classname="tests.test_phase1_final_qa.TestSuperAdminAuth" name="test_super_admin_suspend_tenant" time="0.193" /><testcase classname="tests.test_phase1_final_qa.TestPermissionEnforcement" name="test_limited_user_cannot_list_users" time="0.074" /><testcase classname="tests.test_phase1_final_qa.TestPermissionEnforcement" name="test_limited_user_cannot_view_audit" time="0.069" /><testcase classname="tests.test_phase1_final_qa.TestPermissionEnforcement" name="test_limited_user_cannot_manage_role_permissions" time="0.073" /><testcase classname="tests.test_phase1_final_qa.TestPermissionEnforcement" name="test_limited_user_can_list_documents" time="0.126" /><testcase classname="tests.test_phase1_final_qa.TestTenantIsolation" name="test_tenant_a_user_cannot_access_tenant_b_users" time="0.286" /><testcase classname="tests.test_phase1_final_qa.TestPermissionEnforcement" name="test_limited_user_roles_endpoint_behavior" time="0.073" /><testcase classname="tests.test_phase1_final_qa.TestDocumentSecurity" name="test_upload_and_download_tenant_isolation" time="0.176" /><testcase classname="tests.test_phase1_final_qa.TestTenantIsolation" name="test_tenant_b_user_cannot_access_tenant_a_users" time="0.255" /><testcase classname="tests.test_phase1_final_qa.TestDocumentSecurity" name="test_upload_executable_rejected" time="0.103" /><testcase classname="tests.test_phase1_final_qa.TestTenantIsolation" name="test_tenant_b_user_cannot_access_tenant_a_roles" time="0.066" /><testcase classname="tests.test_phase1_final_qa.TestDocumentSecurity" name="test_upload_large_file_rejected" time="1.510" /><testcase classname="tests.test_phase1_final_qa.TestTenantIsolation" name="test_tenant_b_user_cannot_access_tenant_a_documents" time="0.065" /><testcase classname="tests.test_phase1_final_qa.TestTenantIsolation" name="test_tenant_b_user_cannot_access_tenant_a_audit" time="0.064" /><testcase classname="tests.test_phase1_final_qa.TestMFATOTP" name="test_mfa_setup_returns_secret_and_recovery_codes" time="0.091" /><testcase classname="tests.test_phase1_final_qa.TestMFATOTP" name="test_mfa_full_flow" time="0.903"><skipped type="pytest.skip" message="Rate limited on login #2">/app/backend/tests/test_phase1_final_qa.py:335: Rate limited on login #2</skipped></testcase><testcase classname="tests.test_phase1_final_qa.TestMFATOTP" name="test_mfa_disable_wrong_code_returns_400" time="0.130"><skipped type="pytest.skip" message="Rate limited">/app/backend/tests/test_phase1_final_qa.py:410: Rate limited</skipped></testcase><testcase classname="tests.test_phase1_final_qa.TestAuditLog" name="test_audit_log_has_required_fields" time="0.072" /><testcase classname="tests.test_phase1_final_qa.TestAuditLog" name="test_audit_tenant_isolation" time="0.068" /><testcase classname="tests.test_phase1_final_qa.TestAuditLog" name="test_audit_no_totp_secrets_in_entries" time="0.068" /><testcase classname="tests.test_phase1_final_qa.TestAuthRefresh" name="test_refresh_returns_ok" time="0.067" /><testcase classname="tests.test_phase1_final_qa.TestDocumentSecurity" name="test_download_requires_authentication" time="0.183" /><testcase classname="tests.test_phase1_final_qa.TestAuthRefresh" name="test_refresh_token_reuse_detection" time="0.225" /><testcase classname="tests.test_phase1_final_qa.TestDocumentSecurity" name="test_sha256_hash_stored" time="0.085" /><testcase classname="tests.test_phase1_final_qa.TestBruteForce" name="test_brute_force_lockout" time="0.172"><skipped type="pytest.skip" message="IP rate limited before brute force test could run: {&quot;error&quot;:&quot;Rate limit exceeded: 10 per 1 minute&quot;}">/app/backend/tests/test_phase1_final_qa.py:155: IP rate limited before brute force test could run: {"error":"Rate limit exceeded: 10 per 1 minute"}</skipped></testcase><testcase classname="tests.test_phase1_final_qa.TestDatabaseHealth" name="test_health_endpoint" time="0.116" /><testcase classname="tests.test_phase1_final_qa.TestDatabaseHealth" name="test_no_mongodb_used" time="0.111" /><testcase classname="tests.test_phase1_final_qa.TestWhiteLabel" name="test_get_my_tenants" time="0.060" /><testcase classname="tests.test_phase1_final_qa.TestSessionSecurity" name="test_sessions_only_current_user" time="0.066" /></testsuite></testsuites>